This is pdfTeX, Version 3.141592653-2.6-1.40.23 (TeX Live 2021) (preloaded format=pdflatex 2021.9.1)  3 OCT 2021 22:53
entering extended mode
 restricted \write18 enabled.
 %&-line parsing enabled.
**20921004-Tugas-SK5001.tex
(./20921004-Tugas-SK5001.tex
LaTeX2e <2021-06-01> patch level 1
L3 programming layer <2021-08-27> (/home/ikanx_server/.TinyTeX/texmf-dist/tex/l
atex/base/article.cls
Document Class: article 2021/02/12 v1.4n Standard LaTeX document class
(/home/ikanx_server/.TinyTeX/texmf-dist/tex/latex/base/size12.clo
File: size12.clo 2021/02/12 v1.4n Standard LaTeX file (size option)
)
\c@part=\count182
\c@section=\count183
\c@subsection=\count184
\c@subsubsection=\count185
\c@paragraph=\count186
\c@subparagraph=\count187
\c@figure=\count188
\c@table=\count189
\abovecaptionskip=\skip47
\belowcaptionskip=\skip48
\bibindent=\dimen138
) (/home/ikanx_server/.TinyTeX/texmf-dist/tex/latex/amsmath/amsmath.sty
Package: amsmath 2021/04/20 v2.17j AMS math features
\@mathmargin=\skip49
For additional information on amsmath, use the `?' option.
(/home/ikanx_server/.TinyTeX/texmf-dist/tex/latex/amsmath/amstext.sty
Package: amstext 2000/06/29 v2.01 AMS text
(/home/ikanx_server/.TinyTeX/texmf-dist/tex/latex/amsmath/amsgen.sty
File: amsgen.sty 1999/11/30 v2.0 generic functions
\@emptytoks=\toks16
\ex@=\dimen139
)) (/home/ikanx_server/.TinyTeX/texmf-dist/tex/latex/amsmath/amsbsy.sty
Package: amsbsy 1999/11/29 v1.2d Bold Symbols
\pmbraise@=\dimen140
) (/home/ikanx_server/.TinyTeX/texmf-dist/tex/latex/amsmath/amsopn.sty
Package: amsopn 2016/03/08 v2.02 operator names
)
\inf@bad=\count190
LaTeX Info: Redefining \frac on input line 234.
\uproot@=\count191
\leftroot@=\count192
LaTeX Info: Redefining \overline on input line 399.
\classnum@=\count193
\DOTSCASE@=\count194
LaTeX Info: Redefining \ldots on input line 496.
LaTeX Info: Redefining \dots on input line 499.
LaTeX Info: Redefining \cdots on input line 620.
\Mathstrutbox@=\box50
\strutbox@=\box51
\big@size=\dimen141
LaTeX Font Info:    Redeclaring font encoding OML on input line 743.
LaTeX Font Info:    Redeclaring font encoding OMS on input line 744.
\macc@depth=\count195
\c@MaxMatrixCols=\count196
\dotsspace@=\muskip16
\c@parentequation=\count197
\dspbrk@lvl=\count198
\tag@help=\toks17
\row@=\count199
\column@=\count266
\maxfields@=\count267
\andhelp@=\toks18
\eqnshift@=\dimen142
\alignsep@=\dimen143
\tagshift@=\dimen144
\tagwidth@=\dimen145
\totwidth@=\dimen146
\lineht@=\dimen147
\@envbody=\toks19
\multlinegap=\skip50
\multlinetaggap=\skip51
\mathdisplay@stack=\toks20
LaTeX Info: Redefining \[ on input line 2923.
LaTeX Info: Redefining \] on input line 2924.
) (/home/ikanx_server/.TinyTeX/texmf-dist/tex/latex/amsfonts/amssymb.sty
Package: amssymb 2013/01/14 v3.01 AMS font symbols
(/home/ikanx_server/.TinyTeX/texmf-dist/tex/latex/amsfonts/amsfonts.sty
Package: amsfonts 2013/01/14 v3.01 Basic AMSFonts support
\symAMSa=\mathgroup4
\symAMSb=\mathgroup5
LaTeX Font Info:    Redeclaring math symbol \hbar on input line 98.
LaTeX Font Info:    Overwriting math alphabet `\mathfrak' in version `bold'
(Font)                  U/euf/m/n --> U/euf/b/n on input line 106.
)) (/home/ikanx_server/.TinyTeX/texmf-dist/tex/latex/lm/lmodern.sty
Package: lmodern 2015/05/01 v1.6.1 Latin Modern Fonts
LaTeX Font Info:    Overwriting symbol font `operators' in version `normal'
(Font)                  OT1/cmr/m/n --> OT1/lmr/m/n on input line 22.
LaTeX Font Info:    Overwriting symbol font `letters' in version `normal'
(Font)                  OML/cmm/m/it --> OML/lmm/m/it on input line 23.
LaTeX Font Info:    Overwriting symbol font `symbols' in version `normal'
(Font)                  OMS/cmsy/m/n --> OMS/lmsy/m/n on input line 24.
LaTeX Font Info:    Overwriting symbol font `largesymbols' in version `normal'
(Font)                  OMX/cmex/m/n --> OMX/lmex/m/n on input line 25.
LaTeX Font Info:    Overwriting symbol font `operators' in version `bold'
(Font)                  OT1/cmr/bx/n --> OT1/lmr/bx/n on input line 26.
LaTeX Font Info:    Overwriting symbol font `letters' in version `bold'
(Font)                  OML/cmm/b/it --> OML/lmm/b/it on input line 27.
LaTeX Font Info:    Overwriting symbol font `symbols' in version `bold'
(Font)                  OMS/cmsy/b/n --> OMS/lmsy/b/n on input line 28.
LaTeX Font Info:    Overwriting symbol font `largesymbols' in version `bold'
(Font)                  OMX/cmex/m/n --> OMX/lmex/m/n on input line 29.
LaTeX Font Info:    Overwriting math alphabet `\mathbf' in version `normal'
(Font)                  OT1/cmr/bx/n --> OT1/lmr/bx/n on input line 31.
LaTeX Font Info:    Overwriting math alphabet `\mathsf' in version `normal'
(Font)                  OT1/cmss/m/n --> OT1/lmss/m/n on input line 32.
LaTeX Font Info:    Overwriting math alphabet `\mathit' in version `normal'
(Font)                  OT1/cmr/m/it --> OT1/lmr/m/it on input line 33.
LaTeX Font Info:    Overwriting math alphabet `\mathtt' in version `normal'
(Font)                  OT1/cmtt/m/n --> OT1/lmtt/m/n on input line 34.
LaTeX Font Info:    Overwriting math alphabet `\mathbf' in version `bold'
(Font)                  OT1/cmr/bx/n --> OT1/lmr/bx/n on input line 35.
LaTeX Font Info:    Overwriting math alphabet `\mathsf' in version `bold'
(Font)                  OT1/cmss/bx/n --> OT1/lmss/bx/n on input line 36.
LaTeX Font Info:    Overwriting math alphabet `\mathit' in version `bold'
(Font)                  OT1/cmr/bx/it --> OT1/lmr/bx/it on input line 37.
LaTeX Font Info:    Overwriting math alphabet `\mathtt' in version `bold'
(Font)                  OT1/cmtt/m/n --> OT1/lmtt/m/n on input line 38.
) (/home/ikanx_server/.TinyTeX/texmf-dist/tex/generic/iftex/ifxetex.sty
Package: ifxetex 2019/10/25 v0.7 ifxetex legacy package. Use iftex instead.
(/home/ikanx_server/.TinyTeX/texmf-dist/tex/generic/iftex/iftex.sty
Package: iftex 2020/03/06 v1.0d TeX engine tests
)) (/home/ikanx_server/.TinyTeX/texmf-dist/tex/generic/iftex/ifluatex.sty
Package: ifluatex 2019/10/25 v1.5 ifluatex legacy package. Use iftex instead.
) (/home/ikanx_server/.TinyTeX/texmf-dist/tex/latex/base/fontenc.sty
Package: fontenc 2021/04/29 v2.0v Standard LaTeX package
LaTeX Font Info:    Trying to load font information for T1+lmr on input line 11
2.
(/home/ikanx_server/.TinyTeX/texmf-dist/tex/latex/lm/t1lmr.fd
File: t1lmr.fd 2015/05/01 v1.6.1 Font defs for Latin Modern
)) (/home/ikanx_server/.TinyTeX/texmf-dist/tex/latex/base/inputenc.sty
Package: inputenc 2021/02/14 v1.3d Input encoding file
\inpenc@prehook=\toks21
\inpenc@posthook=\toks22
) (/home/ikanx_server/.TinyTeX/texmf-dist/tex/latex/base/textcomp.sty
Package: textcomp 2020/02/02 v2.0n Standard LaTeX package
) (/home/ikanx_server/.TinyTeX/texmf-dist/tex/latex/upquote/upquote.sty
Package: upquote 2012/04/19 v1.3 upright-quote and grave-accent glyphs in verba
tim
) (/home/ikanx_server/.TinyTeX/texmf-dist/tex/latex/microtype/microtype.sty
Package: microtype 2021/03/14 v2.8c Micro-typographical refinements (RS)
(/home/ikanx_server/.TinyTeX/texmf-dist/tex/latex/graphics/keyval.sty
Package: keyval 2014/10/28 v1.15 key=value parser (DPC)
\KV@toks@=\toks23
)
\MT@toks=\toks24
\MT@count=\count268
LaTeX Info: Redefining \textls on input line 790.
\MT@outer@kern=\dimen148
LaTeX Info: Redefining \textmicrotypecontext on input line 1374.
\MT@listname@count=\count269

(/home/ikanx_server/.TinyTeX/texmf-dist/tex/latex/microtype/microtype-pdftex.de
f
File: microtype-pdftex.def 2021/03/14 v2.8c Definitions specific to pdftex (RS)

LaTeX Info: Redefining \lsstyle on input line 915.
LaTeX Info: Redefining \lslig on input line 915.
\MT@outer@space=\skip52
)
Package microtype Info: Loading configuration file microtype.cfg.
(/home/ikanx_server/.TinyTeX/texmf-dist/tex/latex/microtype/microtype.cfg
File: microtype.cfg 2021/03/14 v2.8c microtype main configuration file (RS)
)) (/home/ikanx_server/.TinyTeX/texmf-dist/tex/latex/xcolor/xcolor.sty
Package: xcolor 2016/05/11 v2.12 LaTeX color extensions (UK)
(/home/ikanx_server/.TinyTeX/texmf-dist/tex/latex/graphics-cfg/color.cfg
File: color.cfg 2016/01/02 v1.6 sample color configuration
)
Package xcolor Info: Driver file: pdftex.def on input line 225.
(/home/ikanx_server/.TinyTeX/texmf-dist/tex/latex/graphics-def/pdftex.def
File: pdftex.def 2020/10/05 v1.2a Graphics/color driver for pdftex
)
Package xcolor Info: Model `cmy' substituted by `cmy0' on input line 1348.
Package xcolor Info: Model `hsb' substituted by `rgb' on input line 1352.
Package xcolor Info: Model `RGB' extended on input line 1364.
Package xcolor Info: Model `HTML' substituted by `rgb' on input line 1366.
Package xcolor Info: Model `Hsb' substituted by `hsb' on input line 1367.
Package xcolor Info: Model `tHsb' substituted by `hsb' on input line 1368.
Package xcolor Info: Model `HSB' substituted by `hsb' on input line 1369.
Package xcolor Info: Model `Gray' substituted by `gray' on input line 1370.
Package xcolor Info: Model `wave' substituted by `hsb' on input line 1371.
) (/home/ikanx_server/.TinyTeX/texmf-dist/tex/latex/hyperref/hyperref.sty
Package: hyperref 2021-06-07 v7.00m Hypertext links for LaTeX
(/home/ikanx_server/.TinyTeX/texmf-dist/tex/generic/ltxcmds/ltxcmds.sty
Package: ltxcmds 2020-05-10 v1.25 LaTeX kernel commands for general use (HO)
) (/home/ikanx_server/.TinyTeX/texmf-dist/tex/generic/pdftexcmds/pdftexcmds.sty
Package: pdftexcmds 2020-06-27 v0.33 Utility functions of pdfTeX for LuaTeX (HO
)
(/home/ikanx_server/.TinyTeX/texmf-dist/tex/generic/infwarerr/infwarerr.sty
Package: infwarerr 2019/12/03 v1.5 Providing info/warning/error messages (HO)
)
Package pdftexcmds Info: \pdf@primitive is available.
Package pdftexcmds Info: \pdf@ifprimitive is available.
Package pdftexcmds Info: \pdfdraftmode found.
) (/home/ikanx_server/.TinyTeX/texmf-dist/tex/generic/kvsetkeys/kvsetkeys.sty
Package: kvsetkeys 2019/12/15 v1.18 Key value parser (HO)
)
(/home/ikanx_server/.TinyTeX/texmf-dist/tex/generic/kvdefinekeys/kvdefinekeys.s
ty
Package: kvdefinekeys 2019-12-19 v1.6 Define keys (HO)
) (/home/ikanx_server/.TinyTeX/texmf-dist/tex/generic/pdfescape/pdfescape.sty
Package: pdfescape 2019/12/09 v1.15 Implements pdfTeX's escape features (HO)
) (/home/ikanx_server/.TinyTeX/texmf-dist/tex/latex/hycolor/hycolor.sty
Package: hycolor 2020-01-27 v1.10 Color options for hyperref/bookmark (HO)
) (/home/ikanx_server/.TinyTeX/texmf-dist/tex/latex/letltxmacro/letltxmacro.sty
Package: letltxmacro 2019/12/03 v1.6 Let assignment for LaTeX macros (HO)
) (/home/ikanx_server/.TinyTeX/texmf-dist/tex/latex/auxhook/auxhook.sty
Package: auxhook 2019-12-17 v1.6 Hooks for auxiliary files (HO)
) (/home/ikanx_server/.TinyTeX/texmf-dist/tex/latex/kvoptions/kvoptions.sty
Package: kvoptions 2020-10-07 v3.14 Key value format for package options (HO)
)
\@linkdim=\dimen149
\Hy@linkcounter=\count270
\Hy@pagecounter=\count271
(/home/ikanx_server/.TinyTeX/texmf-dist/tex/latex/hyperref/pd1enc.def
File: pd1enc.def 2021-06-07 v7.00m Hyperref: PDFDocEncoding definition (HO)
Now handling font encoding PD1 ...
... no UTF-8 mapping file for font encoding PD1
)
(/home/ikanx_server/.TinyTeX/texmf-dist/tex/latex/hyperref/hyperref-langpatches
.def
File: hyperref-langpatches.def 2021-06-07 v7.00m Hyperref: patches for babel la
nguages
) (/home/ikanx_server/.TinyTeX/texmf-dist/tex/generic/intcalc/intcalc.sty
Package: intcalc 2019/12/15 v1.3 Expandable calculations with integers (HO)
) (/home/ikanx_server/.TinyTeX/texmf-dist/tex/generic/etexcmds/etexcmds.sty
Package: etexcmds 2019/12/15 v1.7 Avoid name clashes with e-TeX commands (HO)
)
\Hy@SavedSpaceFactor=\count272
(/home/ikanx_server/.TinyTeX/texmf-dist/tex/latex/hyperref/puenc.def
File: puenc.def 2021-06-07 v7.00m Hyperref: PDF Unicode definition (HO)
Now handling font encoding PU ...
... no UTF-8 mapping file for font encoding PU
)
Package hyperref Info: Option `unicode' set `true' on input line 4073.
Package hyperref Info: Hyper figures OFF on input line 4192.
Package hyperref Info: Link nesting OFF on input line 4197.
Package hyperref Info: Hyper index ON on input line 4200.
Package hyperref Info: Plain pages OFF on input line 4207.
Package hyperref Info: Backreferencing OFF on input line 4212.
Package hyperref Info: Implicit mode ON; LaTeX internals redefined.
Package hyperref Info: Bookmarks ON on input line 4445.
\c@Hy@tempcnt=\count273
(/home/ikanx_server/.TinyTeX/texmf-dist/tex/latex/url/url.sty
\Urlmuskip=\muskip17
Package: url 2013/09/16  ver 3.4  Verb mode for urls, etc.
)
LaTeX Info: Redefining \url on input line 4804.
\XeTeXLinkMargin=\dimen150
(/home/ikanx_server/.TinyTeX/texmf-dist/tex/generic/bitset/bitset.sty
Package: bitset 2019/12/09 v1.3 Handle bit-vector datatype (HO)
(/home/ikanx_server/.TinyTeX/texmf-dist/tex/generic/bigintcalc/bigintcalc.sty
Package: bigintcalc 2019/12/15 v1.5 Expandable calculations on big integers (HO
)
))
\Fld@menulength=\count274
\Field@Width=\dimen151
\Fld@charsize=\dimen152
Package hyperref Info: Hyper figures OFF on input line 6076.
Package hyperref Info: Link nesting OFF on input line 6081.
Package hyperref Info: Hyper index ON on input line 6084.
Package hyperref Info: backreferencing OFF on input line 6091.
Package hyperref Info: Link coloring OFF on input line 6096.
Package hyperref Info: Link coloring with OCG OFF on input line 6101.
Package hyperref Info: PDF/A mode OFF on input line 6106.
LaTeX Info: Redefining \ref on input line 6146.
LaTeX Info: Redefining \pageref on input line 6150.
(/home/ikanx_server/.TinyTeX/texmf-dist/tex/latex/base/atbegshi-ltx.sty
Package: atbegshi-ltx 2021/01/10 v1.0c Emulation of the original atbegshi
package with kernel methods
)
\Hy@abspage=\count275
\c@Item=\count276
\c@Hfootnote=\count277
)
Package hyperref Info: Driver (autodetected): hpdftex.
(/home/ikanx_server/.TinyTeX/texmf-dist/tex/latex/hyperref/hpdftex.def
File: hpdftex.def 2021-06-07 v7.00m Hyperref driver for pdfTeX
(/home/ikanx_server/.TinyTeX/texmf-dist/tex/latex/base/atveryend-ltx.sty
Package: atveryend-ltx 2020/08/19 v1.0a Emulation of the original atvery packag
e
with kernel methods
)
\Fld@listcount=\count278
\c@bookmark@seq@number=\count279

(/home/ikanx_server/.TinyTeX/texmf-dist/tex/latex/rerunfilecheck/rerunfilecheck
.sty
Package: rerunfilecheck 2019/12/05 v1.9 Rerun checks for auxiliary files (HO)

(/home/ikanx_server/.TinyTeX/texmf-dist/tex/generic/uniquecounter/uniquecounter
.sty
Package: uniquecounter 2019/12/15 v1.4 Provide unlimited unique counter (HO)
)
Package uniquecounter Info: New unique counter `rerunfilecheck' on input line 2
86.
)
\Hy@SectionHShift=\skip53
) (/home/ikanx_server/.TinyTeX/texmf-dist/tex/latex/geometry/geometry.sty
Package: geometry 2020/01/02 v5.9 Page Geometry
(/home/ikanx_server/.TinyTeX/texmf-dist/tex/generic/iftex/ifvtex.sty
Package: ifvtex 2019/10/25 v1.7 ifvtex legacy package. Use iftex instead.
)
\Gm@cnth=\count280
\Gm@cntv=\count281
\c@Gm@tempcnt=\count282
\Gm@bindingoffset=\dimen153
\Gm@wd@mp=\dimen154
\Gm@odd@mp=\dimen155
\Gm@even@mp=\dimen156
\Gm@layoutwidth=\dimen157
\Gm@layoutheight=\dimen158
\Gm@layouthoffset=\dimen159
\Gm@layoutvoffset=\dimen160
\Gm@dimlist=\toks25
) (/home/ikanx_server/.TinyTeX/texmf-dist/tex/latex/fancyvrb/fancyvrb.sty
Package: fancyvrb 2021/08/12 v3.8 verbatim text (tvz,hv)
\FV@CodeLineNo=\count283
\FV@InFile=\read2
\FV@TabBox=\box52
\c@FancyVerbLine=\count284
\FV@StepNumber=\count285
\FV@OutFile=\write3
) (/home/ikanx_server/.TinyTeX/texmf-dist/tex/latex/framed/framed.sty
Package: framed 2011/10/22 v 0.96: framed or shaded text with page breaks
\OuterFrameSep=\skip54
\fb@frw=\dimen161
\fb@frh=\dimen162
\FrameRule=\dimen163
\FrameSep=\dimen164
) (/home/ikanx_server/.TinyTeX/texmf-dist/tex/latex/graphics/graphicx.sty
Package: graphicx 2020/12/05 v1.2c Enhanced LaTeX Graphics (DPC,SPQR)
(/home/ikanx_server/.TinyTeX/texmf-dist/tex/latex/graphics/graphics.sty
Package: graphics 2021/03/04 v1.4d Standard LaTeX Graphics (DPC,SPQR)
(/home/ikanx_server/.TinyTeX/texmf-dist/tex/latex/graphics/trig.sty
Package: trig 2016/01/03 v1.10 sin cos tan (DPC)
) (/home/ikanx_server/.TinyTeX/texmf-dist/tex/latex/graphics-cfg/graphics.cfg
File: graphics.cfg 2016/06/04 v1.11 sample graphics configuration
)
Package graphics Info: Driver file: pdftex.def on input line 107.
)
\Gin@req@height=\dimen165
\Gin@req@width=\dimen166
) (/home/ikanx_server/.TinyTeX/texmf-dist/tex/latex/fancyhdr/fancyhdr.sty
Package: fancyhdr 2021/01/28 v4.0.1 Extensive control of page headers and foote
rs
\f@nch@headwidth=\skip55
\f@nch@O@elh=\skip56
\f@nch@O@erh=\skip57
\f@nch@O@olh=\skip58
\f@nch@O@orh=\skip59
\f@nch@O@elf=\skip60
\f@nch@O@erf=\skip61
\f@nch@O@olf=\skip62
\f@nch@O@orf=\skip63
)

Package fancyhdr Warning: \fancyfoot's `E' option without twoside option is use
less on input line 104.


Package fancyhdr Warning: \fancyfoot's `E' option without twoside option is use
less on input line 105.

(/home/ikanx_server/.TinyTeX/texmf-dist/tex/latex/etoolbox/etoolbox.sty
Package: etoolbox 2020/10/05 v2.5k e-TeX tools for LaTeX (JAW)
\etb@tempcnta=\count286
)
(/home/ikanx_server/.TinyTeX/texmf-dist/tex/latex/l3backend/l3backend-pdftex.de
f
File: l3backend-pdftex.def 2021-08-04 L3 backend support: PDF output (pdfTeX)
\l__color_backend_stack_int=\count287
\l__pdf_internal_box=\box53
) (./20921004-Tugas-SK5001.aux)
\openout1 = `20921004-Tugas-SK5001.aux'.

LaTeX Font Info:    Checking defaults for OML/cmm/m/it on input line 123.
LaTeX Font Info:    ... okay on input line 123.
LaTeX Font Info:    Checking defaults for OMS/cmsy/m/n on input line 123.
LaTeX Font Info:    ... okay on input line 123.
LaTeX Font Info:    Checking defaults for OT1/cmr/m/n on input line 123.
LaTeX Font Info:    ... okay on input line 123.
LaTeX Font Info:    Checking defaults for T1/cmr/m/n on input line 123.
LaTeX Font Info:    ... okay on input line 123.
LaTeX Font Info:    Checking defaults for TS1/cmr/m/n on input line 123.
LaTeX Font Info:    ... okay on input line 123.
LaTeX Font Info:    Checking defaults for OMX/cmex/m/n on input line 123.
LaTeX Font Info:    ... okay on input line 123.
LaTeX Font Info:    Checking defaults for U/cmr/m/n on input line 123.
LaTeX Font Info:    ... okay on input line 123.
LaTeX Font Info:    Checking defaults for PD1/pdf/m/n on input line 123.
LaTeX Font Info:    ... okay on input line 123.
LaTeX Font Info:    Checking defaults for PU/pdf/m/n on input line 123.
LaTeX Font Info:    ... okay on input line 123.
LaTeX Info: Redefining \microtypecontext on input line 123.
Package microtype Info: Generating PDF output.
Package microtype Info: Character protrusion enabled (level 2).
Package microtype Info: Using protrusion set `basicmath'.
Package microtype Info: Automatic font expansion enabled (level 2),
(microtype)             stretch: 20, shrink: 20, step: 1, non-selected.
Package microtype Info: Using default expansion set `alltext-nott'.
LaTeX Info: Redefining \showhyphens on input line 123.
Package microtype Info: No adjustment of tracking.
Package microtype Info: No adjustment of interword spacing.
Package microtype Info: No adjustment of character kerning.
(/home/ikanx_server/.TinyTeX/texmf-dist/tex/latex/microtype/mt-cmr.cfg
File: mt-cmr.cfg 2013/05/19 v2.2 microtype config. file: Computer Modern Roman 
(RS)
)
(/home/ikanx_server/.TinyTeX/texmf-dist/tex/latex/epstopdf-pkg/epstopdf-base.st
y
Package: epstopdf-base 2020-01-24 v2.11 Base part for package epstopdf
Package epstopdf-base Info: Redefining graphics rule for `.eps' on input line 4
85.
(/home/ikanx_server/.TinyTeX/texmf-dist/tex/latex/latexconfig/epstopdf-sys.cfg
File: epstopdf-sys.cfg 2010/07/13 v1.3 Configuration of (r)epstopdf for TeX Liv
e
))
Package hyperref Info: Link coloring OFF on input line 123.
(/home/ikanx_server/.TinyTeX/texmf-dist/tex/latex/hyperref/nameref.sty
Package: nameref 2021-04-02 v2.47 Cross-referencing by name of section
(/home/ikanx_server/.TinyTeX/texmf-dist/tex/latex/refcount/refcount.sty
Package: refcount 2019/12/15 v3.6 Data extraction from label references (HO)
)
(/home/ikanx_server/.TinyTeX/texmf-dist/tex/generic/gettitlestring/gettitlestri
ng.sty
Package: gettitlestring 2019/12/15 v1.6 Cleanup title references (HO)
)
\c@section@level=\count288
)
LaTeX Info: Redefining \ref on input line 123.
LaTeX Info: Redefining \pageref on input line 123.
LaTeX Info: Redefining \nameref on input line 123.
(./20921004-Tugas-SK5001.out) (./20921004-Tugas-SK5001.out)
\@outlinefile=\write4
\openout4 = `20921004-Tugas-SK5001.out'.

*geometry* driver: auto-detecting
*geometry* detected driver: pdftex
*geometry* verbose mode - [ preamble ] result:
* driver: pdftex
* paper: <default>
* layout: <same size as paper>
* layoutoffset:(h,v)=(0.0pt,0.0pt)
* modes: 
* h-part:(L,W,R)=(72.26999pt, 469.75502pt, 72.26999pt)
* v-part:(T,H,B)=(72.26999pt, 650.43001pt, 72.26999pt)
* \paperwidth=614.295pt
* \paperheight=794.96999pt
* \textwidth=469.75502pt
* \textheight=650.43001pt
* \oddsidemargin=0.0pt
* \evensidemargin=0.0pt
* \topmargin=-37.0pt
* \headheight=12.0pt
* \headsep=25.0pt
* \topskip=12.0pt
* \footskip=30.0pt
* \marginparwidth=44.0pt
* \marginparsep=10.0pt
* \columnsep=10.0pt
* \skip\footins=10.8pt plus 4.0pt minus 2.0pt
* \hoffset=0.0pt
* \voffset=0.0pt
* \mag=1000
* \@twocolumnfalse
* \@twosidefalse
* \@mparswitchfalse
* \@reversemarginfalse
* (1in=72.27pt=25.4mm, 1cm=28.453pt)

LaTeX Font Info:    Trying to load font information for OT1+lmr on input line 1
25.
(/home/ikanx_server/.TinyTeX/texmf-dist/tex/latex/lm/ot1lmr.fd
File: ot1lmr.fd 2015/05/01 v1.6.1 Font defs for Latin Modern
)
LaTeX Font Info:    Trying to load font information for OML+lmm on input line 1
25.
(/home/ikanx_server/.TinyTeX/texmf-dist/tex/latex/lm/omllmm.fd
File: omllmm.fd 2015/05/01 v1.6.1 Font defs for Latin Modern
)
LaTeX Font Info:    Trying to load font information for OMS+lmsy on input line 
125.
(/home/ikanx_server/.TinyTeX/texmf-dist/tex/latex/lm/omslmsy.fd
File: omslmsy.fd 2015/05/01 v1.6.1 Font defs for Latin Modern
)
LaTeX Font Info:    Trying to load font information for OMX+lmex on input line 
125.
(/home/ikanx_server/.TinyTeX/texmf-dist/tex/latex/lm/omxlmex.fd
File: omxlmex.fd 2015/05/01 v1.6.1 Font defs for Latin Modern
)
LaTeX Font Info:    External font `lmex10' loaded for size
(Font)              <14.4> on input line 125.
LaTeX Font Info:    External font `lmex10' loaded for size
(Font)              <10> on input line 125.
LaTeX Font Info:    External font `lmex10' loaded for size
(Font)              <7> on input line 125.
LaTeX Font Info:    Trying to load font information for U+msa on input line 125
.
(/home/ikanx_server/.TinyTeX/texmf-dist/tex/latex/amsfonts/umsa.fd
File: umsa.fd 2013/01/14 v3.01 AMS symbols A
) (/home/ikanx_server/.TinyTeX/texmf-dist/tex/latex/microtype/mt-msa.cfg
File: mt-msa.cfg 2006/02/04 v1.1 microtype config. file: AMS symbols (a) (RS)
)
LaTeX Font Info:    Trying to load font information for U+msb on input line 125
.
(/home/ikanx_server/.TinyTeX/texmf-dist/tex/latex/amsfonts/umsb.fd
File: umsb.fd 2013/01/14 v3.01 AMS symbols B
) (/home/ikanx_server/.TinyTeX/texmf-dist/tex/latex/microtype/mt-msb.cfg
File: mt-msb.cfg 2005/06/01 v1.0 microtype config. file: AMS symbols (b) (RS)
) [1

{/home/ikanx_server/.TinyTeX/texmf-var/fonts/map/pdftex/updmap/pdftex.map}] (./
20921004-Tugas-SK5001.toc
LaTeX Font Info:    External font `lmex10' loaded for size
(Font)              <12> on input line 2.
LaTeX Font Info:    External font `lmex10' loaded for size
(Font)              <8> on input line 2.
LaTeX Font Info:    External font `lmex10' loaded for size
(Font)              <6> on input line 2.

Package fancyhdr Warning: \headheight is too small (12.0pt): 
(fancyhdr)                Make it at least 14.49998pt, for example:
(fancyhdr)                \setlength{\headheight}{14.49998pt}.
(fancyhdr)                You might also make \topmargin smaller to compensate:

(fancyhdr)                \addtolength{\topmargin}{-2.49998pt}.

[2])
\tf@toc=\write5
\openout5 = `20921004-Tugas-SK5001.toc'.


Package fancyhdr Warning: \headheight is too small (12.0pt): 
(fancyhdr)                Make it at least 14.49998pt, for example:
(fancyhdr)                \setlength{\headheight}{14.49998pt}.
(fancyhdr)                You might also make \topmargin smaller to compensate:

(fancyhdr)                \addtolength{\topmargin}{-2.49998pt}.

[3] (./20921004-Tugas-SK5001.lof)
\tf@lof=\write6
\openout6 = `20921004-Tugas-SK5001.lof'.


Package fancyhdr Warning: \headheight is too small (12.0pt): 
(fancyhdr)                Make it at least 14.49998pt, for example:
(fancyhdr)                \setlength{\headheight}{14.49998pt}.
(fancyhdr)                You might also make \topmargin smaller to compensate:

(fancyhdr)                \addtolength{\topmargin}{-2.49998pt}.

[4]
LaTeX Font Info:    Trying to load font information for T1+lmtt on input line 1
46.
(/home/ikanx_server/.TinyTeX/texmf-dist/tex/latex/lm/t1lmtt.fd
File: t1lmtt.fd 2015/05/01 v1.6.1 Font defs for Latin Modern
)
LaTeX Font Info:    External font `lmex10' loaded for size
(Font)              <5> on input line 151.

Package fancyhdr Warning: \headheight is too small (12.0pt): 
(fancyhdr)                Make it at least 14.49998pt, for example:
(fancyhdr)                \setlength{\headheight}{14.49998pt}.
(fancyhdr)                You might also make \topmargin smaller to compensate:

(fancyhdr)                \addtolength{\topmargin}{-2.49998pt}.

[5]
LaTeX Font Info:    Trying to load font information for TS1+lmr on input line 1
94.
(/home/ikanx_server/.TinyTeX/texmf-dist/tex/latex/lm/ts1lmr.fd
File: ts1lmr.fd 2015/05/01 v1.6.1 Font defs for Latin Modern
)
LaTeX Font Info:    Font shape `T1/lmtt/bx/n' in size <12> not available
(Font)              Font shape `T1/lmtt/b/n' tried instead on input line 211.

Package fancyhdr Warning: \headheight is too small (12.0pt): 
(fancyhdr)                Make it at least 14.49998pt, for example:
(fancyhdr)                \setlength{\headheight}{14.49998pt}.
(fancyhdr)                You might also make \topmargin smaller to compensate:

(fancyhdr)                \addtolength{\topmargin}{-2.49998pt}.

[6]

Package fancyhdr Warning: \headheight is too small (12.0pt): 
(fancyhdr)                Make it at least 14.49998pt, for example:
(fancyhdr)                \setlength{\headheight}{14.49998pt}.
(fancyhdr)                You might also make \topmargin smaller to compensate:

(fancyhdr)                \addtolength{\topmargin}{-2.49998pt}.

[7]
<Screenshot from 2021-10-02 09-06-11.png, id=284, 688.5725pt x 293.095pt>
File: Screenshot from 2021-10-02 09-06-11.png Graphic file (type png)
<use Screenshot from 2021-10-02 09-06-11.png>
Package pdftex.def Info: Screenshot from 2021-10-02 09-06-11.png  used on input
 line 311.
(pdftex.def)             Requested size: 328.82996pt x 139.96843pt.

Package fancyhdr Warning: \headheight is too small (12.0pt): 
(fancyhdr)                Make it at least 14.49998pt, for example:
(fancyhdr)                \setlength{\headheight}{14.49998pt}.
(fancyhdr)                You might also make \topmargin smaller to compensate:

(fancyhdr)                \addtolength{\topmargin}{-2.49998pt}.

[8 <./Screenshot from 2021-10-02 09-06-11.png>]
<Screenshot from 2021-10-03 12-37-25.png, id=294, 813.0375pt x 792.9625pt>
File: Screenshot from 2021-10-03 12-37-25.png Graphic file (type png)
<use Screenshot from 2021-10-03 12-37-25.png>
Package pdftex.def Info: Screenshot from 2021-10-03 12-37-25.png  used on input
 line 346.
(pdftex.def)             Requested size: 422.76953pt x 412.33076pt.

Package fancyhdr Warning: \headheight is too small (12.0pt): 
(fancyhdr)                Make it at least 14.49998pt, for example:
(fancyhdr)                \setlength{\headheight}{14.49998pt}.
(fancyhdr)                You might also make \topmargin smaller to compensate:

(fancyhdr)                \addtolength{\topmargin}{-2.49998pt}.

[9 <./Screenshot from 2021-10-03 12-37-25.png>]

Package fancyhdr Warning: \headheight is too small (12.0pt): 
(fancyhdr)                Make it at least 14.49998pt, for example:
(fancyhdr)                \setlength{\headheight}{14.49998pt}.
(fancyhdr)                You might also make \topmargin smaller to compensate:

(fancyhdr)                \addtolength{\topmargin}{-2.49998pt}.

[10]

Package fancyhdr Warning: \headheight is too small (12.0pt): 
(fancyhdr)                Make it at least 14.49998pt, for example:
(fancyhdr)                \setlength{\headheight}{14.49998pt}.
(fancyhdr)                You might also make \topmargin smaller to compensate:

(fancyhdr)                \addtolength{\topmargin}{-2.49998pt}.

[11]
<20921004-Tugas-SK5001_files/figure-latex/unnamed-chunk-6-1.png, id=316, 505.89
pt x 289.08pt>
File: 20921004-Tugas-SK5001_files/figure-latex/unnamed-chunk-6-1.png Graphic fi
le (type png)
<use 20921004-Tugas-SK5001_files/figure-latex/unnamed-chunk-6-1.png>
Package pdftex.def Info: 20921004-Tugas-SK5001_files/figure-latex/unnamed-chunk
-6-1.png  used on input line 456.
(pdftex.def)             Requested size: 505.90417pt x 289.0881pt.

Overfull \hbox (36.14915pt too wide) in paragraph at lines 456--457
 [][] 
 []


Package fancyhdr Warning: \headheight is too small (12.0pt): 
(fancyhdr)                Make it at least 14.49998pt, for example:
(fancyhdr)                \setlength{\headheight}{14.49998pt}.
(fancyhdr)                You might also make \topmargin smaller to compensate:

(fancyhdr)                \addtolength{\topmargin}{-2.49998pt}.

[12 <./20921004-Tugas-SK5001_files/figure-latex/unnamed-chunk-6-1.png (PNG copy
)>]
<20921004-Tugas-SK5001_files/figure-latex/unnamed-chunk-7-1.png, id=321, 505.89
pt x 289.08pt>
File: 20921004-Tugas-SK5001_files/figure-latex/unnamed-chunk-7-1.png Graphic fi
le (type png)
<use 20921004-Tugas-SK5001_files/figure-latex/unnamed-chunk-7-1.png>
Package pdftex.def Info: 20921004-Tugas-SK5001_files/figure-latex/unnamed-chunk
-7-1.png  used on input line 485.
(pdftex.def)             Requested size: 505.90417pt x 289.0881pt.

Overfull \hbox (36.14915pt too wide) in paragraph at lines 485--486
 [][] 
 []


Package fancyhdr Warning: \headheight is too small (12.0pt): 
(fancyhdr)                Make it at least 14.49998pt, for example:
(fancyhdr)                \setlength{\headheight}{14.49998pt}.
(fancyhdr)                You might also make \topmargin smaller to compensate:

(fancyhdr)                \addtolength{\topmargin}{-2.49998pt}.

[13 <./20921004-Tugas-SK5001_files/figure-latex/unnamed-chunk-7-1.png (PNG copy
)>]

Package fancyhdr Warning: \headheight is too small (12.0pt): 
(fancyhdr)                Make it at least 14.49998pt, for example:
(fancyhdr)                \setlength{\headheight}{14.49998pt}.
(fancyhdr)                You might also make \topmargin smaller to compensate:

(fancyhdr)                \addtolength{\topmargin}{-2.49998pt}.

[14]
Overfull \hbox (30.38521pt too wide) in paragraph at lines 613--613
[]\T1/lmtt/m/n/12 ## [1] "Iterasi ke-2 menghasilkan: x1 = 0.4958936141312 dan x
2 = 1.9834234744192"[] 
 []


Overfull \hbox (48.8682pt too wide) in paragraph at lines 613--613
[]\T1/lmtt/m/n/12 ## [1] "Iterasi ke-3 menghasilkan: x1 = 0.499987614677558 dan
 x2 = 1.99993704911406"[] 
 []


Overfull \hbox (48.81917pt too wide) in paragraph at lines 613--613
[]\T1/lmtt/m/n/12 ## [1] "Iterasi ke-4 menghasilkan: x1 = 0.499999999849583 dan
 x2 = 1.99999999921371"[] 
 []

LaTeX Font Info:    Trying to load font information for TS1+lmtt on input line 
630.
(/home/ikanx_server/.TinyTeX/texmf-dist/tex/latex/lm/ts1lmtt.fd
File: ts1lmtt.fd 2015/05/01 v1.6.1 Font defs for Latin Modern
)

Package fancyhdr Warning: \headheight is too small (12.0pt): 
(fancyhdr)                Make it at least 14.49998pt, for example:
(fancyhdr)                \setlength{\headheight}{14.49998pt}.
(fancyhdr)                You might also make \topmargin smaller to compensate:

(fancyhdr)                \addtolength{\topmargin}{-2.49998pt}.

[15]
<20921004-Tugas-SK5001_files/figure-latex/unnamed-chunk-10-1.png, id=341, 505.8
9pt x 289.08pt>
File: 20921004-Tugas-SK5001_files/figure-latex/unnamed-chunk-10-1.png Graphic f
ile (type png)
<use 20921004-Tugas-SK5001_files/figure-latex/unnamed-chunk-10-1.png>
Package pdftex.def Info: 20921004-Tugas-SK5001_files/figure-latex/unnamed-chunk
-10-1.png  used on input line 656.
(pdftex.def)             Requested size: 505.90417pt x 289.0881pt.

Overfull \hbox (36.14915pt too wide) in paragraph at lines 656--657
 [][] 
 []


Package fancyhdr Warning: \headheight is too small (12.0pt): 
(fancyhdr)                Make it at least 14.49998pt, for example:
(fancyhdr)                \setlength{\headheight}{14.49998pt}.
(fancyhdr)                You might also make \topmargin smaller to compensate:

(fancyhdr)                \addtolength{\topmargin}{-2.49998pt}.

[16 <./20921004-Tugas-SK5001_files/figure-latex/unnamed-chunk-10-1.png (PNG cop
y)>]
Overfull \hbox (42.7072pt too wide) in paragraph at lines 700--700
[]\T1/lmtt/m/n/12 ## [1] "Iterasi ke-2 menghasilkan: x1 = 1.19232471149026 dan 
x2 = 6.56904606464121"[] 
 []


Overfull \hbox (42.72821pt too wide) in paragraph at lines 700--700
[]\T1/lmtt/m/n/12 ## [1] "Iterasi ke-3 menghasilkan: x1 = 1.10877439050756 dan 
x2 = 6.11168783886561"[] 
 []


Overfull \hbox (42.7142pt too wide) in paragraph at lines 700--700
[]\T1/lmtt/m/n/12 ## [1] "Iterasi ke-4 menghasilkan: x1 = 1.09697360950515 dan 
x2 = 6.04245746101651"[] 
 []


Overfull \hbox (42.7002pt too wide) in paragraph at lines 700--700
[]\T1/lmtt/m/n/12 ## [1] "Iterasi ke-5 menghasilkan: x1 = 1.09671982786698 dan 
x2 = 6.04093366034848"[] 
 []


Overfull \hbox (42.7002pt too wide) in paragraph at lines 700--700
[]\T1/lmtt/m/n/12 ## [1] "Iterasi ke-6 menghasilkan: x1 = 1.09671970770767 dan 
x2 = 6.04093293624624"[] 
 []


Overfull \hbox (18.5879pt too wide) in paragraph at lines 719--721
[]\T1/lmr/m/n/12 (-20) Didapatkan pada it-erasi ke \T1/lmtt/m/n/12 6\T1/lmr/m/n
/12 (-20) , kita men-da-p-atkan so-lusi fi-nal-nya, yakni titik \T1/lmtt/m/n/12
 (1.096720,6.040933)\T1/lmr/m/n/12 (-20) . 
 []


Package fancyhdr Warning: \headheight is too small (12.0pt): 
(fancyhdr)                Make it at least 14.49998pt, for example:
(fancyhdr)                \setlength{\headheight}{14.49998pt}.
(fancyhdr)                You might also make \topmargin smaller to compensate:

(fancyhdr)                \addtolength{\topmargin}{-2.49998pt}.

[17]
<20921004-Tugas-SK5001_files/figure-latex/unnamed-chunk-12-1.png, id=352, 505.8
9pt x 289.08pt>
File: 20921004-Tugas-SK5001_files/figure-latex/unnamed-chunk-12-1.png Graphic f
ile (type png)
<use 20921004-Tugas-SK5001_files/figure-latex/unnamed-chunk-12-1.png>
Package pdftex.def Info: 20921004-Tugas-SK5001_files/figure-latex/unnamed-chunk
-12-1.png  used on input line 743.
(pdftex.def)             Requested size: 505.90417pt x 289.0881pt.

Overfull \hbox (36.14915pt too wide) in paragraph at lines 743--744
 [][] 
 []


Package fancyhdr Warning: \headheight is too small (12.0pt): 
(fancyhdr)                Make it at least 14.49998pt, for example:
(fancyhdr)                \setlength{\headheight}{14.49998pt}.
(fancyhdr)                You might also make \topmargin smaller to compensate:

(fancyhdr)                \addtolength{\topmargin}{-2.49998pt}.

[18 <./20921004-Tugas-SK5001_files/figure-latex/unnamed-chunk-12-1.png (PNG cop
y)>]
<20921004-Tugas-SK5001_files/figure-latex/unnamed-chunk-13-1.png, id=357, 505.8
9pt x 289.08pt>
File: 20921004-Tugas-SK5001_files/figure-latex/unnamed-chunk-13-1.png Graphic f
ile (type png)
<use 20921004-Tugas-SK5001_files/figure-latex/unnamed-chunk-13-1.png>
Package pdftex.def Info: 20921004-Tugas-SK5001_files/figure-latex/unnamed-chunk
-13-1.png  used on input line 774.
(pdftex.def)             Requested size: 505.90417pt x 289.0881pt.

Overfull \hbox (36.14915pt too wide) in paragraph at lines 774--775
 [][] 
 []


Package fancyhdr Warning: \headheight is too small (12.0pt): 
(fancyhdr)                Make it at least 14.49998pt, for example:
(fancyhdr)                \setlength{\headheight}{14.49998pt}.
(fancyhdr)                You might also make \topmargin smaller to compensate:

(fancyhdr)                \addtolength{\topmargin}{-2.49998pt}.

[19 <./20921004-Tugas-SK5001_files/figure-latex/unnamed-chunk-13-1.png (PNG cop
y)>]

Package fancyhdr Warning: \headheight is too small (12.0pt): 
(fancyhdr)                Make it at least 14.49998pt, for example:
(fancyhdr)                \setlength{\headheight}{14.49998pt}.
(fancyhdr)                You might also make \topmargin smaller to compensate:

(fancyhdr)                \addtolength{\topmargin}{-2.49998pt}.

[20]
<20921004-Tugas-SK5001_files/figure-latex/unnamed-chunk-14-1.png, id=374, 505.8
9pt x 289.08pt>
File: 20921004-Tugas-SK5001_files/figure-latex/unnamed-chunk-14-1.png Graphic f
ile (type png)
<use 20921004-Tugas-SK5001_files/figure-latex/unnamed-chunk-14-1.png>
Package pdftex.def Info: 20921004-Tugas-SK5001_files/figure-latex/unnamed-chunk
-14-1.png  used on input line 850.
(pdftex.def)             Requested size: 505.90417pt x 289.0881pt.

Overfull \hbox (36.14915pt too wide) in paragraph at lines 850--851
 [][] 
 []

<20921004-Tugas-SK5001_files/figure-latex/unnamed-chunk-15-1.png, id=375, 505.8
9pt x 289.08pt>
File: 20921004-Tugas-SK5001_files/figure-latex/unnamed-chunk-15-1.png Graphic f
ile (type png)
<use 20921004-Tugas-SK5001_files/figure-latex/unnamed-chunk-15-1.png>
Package pdftex.def Info: 20921004-Tugas-SK5001_files/figure-latex/unnamed-chunk
-15-1.png  used on input line 884.
(pdftex.def)             Requested size: 505.90417pt x 289.0881pt.

Overfull \hbox (36.14915pt too wide) in paragraph at lines 884--885
 [][] 
 []


Package fancyhdr Warning: \headheight is too small (12.0pt): 
(fancyhdr)                Make it at least 14.49998pt, for example:
(fancyhdr)                \setlength{\headheight}{14.49998pt}.
(fancyhdr)                You might also make \topmargin smaller to compensate:

(fancyhdr)                \addtolength{\topmargin}{-2.49998pt}.

[21 <./20921004-Tugas-SK5001_files/figure-latex/unnamed-chunk-14-1.png (PNG cop
y)>]

Package fancyhdr Warning: \headheight is too small (12.0pt): 
(fancyhdr)                Make it at least 14.49998pt, for example:
(fancyhdr)                \setlength{\headheight}{14.49998pt}.
(fancyhdr)                You might also make \topmargin smaller to compensate:

(fancyhdr)                \addtolength{\topmargin}{-2.49998pt}.

[22 <./20921004-Tugas-SK5001_files/figure-latex/unnamed-chunk-15-1.png (PNG cop
y)>]

Package fancyhdr Warning: \headheight is too small (12.0pt): 
(fancyhdr)                Make it at least 14.49998pt, for example:
(fancyhdr)                \setlength{\headheight}{14.49998pt}.
(fancyhdr)                You might also make \topmargin smaller to compensate:

(fancyhdr)                \addtolength{\topmargin}{-2.49998pt}.

[23]
Overfull \hbox (67.45624pt too wide) in paragraph at lines 1012--1012
[]\T1/lmtt/m/n/12 ## [1] "Iterasi ke-1 menghasilkan: x1 = -0.410274431043867 da
n x2 = 0.0281658782727883"[] 
 []


Overfull \hbox (67.44223pt too wide) in paragraph at lines 1012--1012
[]\T1/lmtt/m/n/12 ## [1] "Iterasi ke-2 menghasilkan: x1 = -0.376028580583334 da
n x2 = 0.0544968132160582"[] 
 []


Overfull \hbox (67.44223pt too wide) in paragraph at lines 1012--1012
[]\T1/lmtt/m/n/12 ## [1] "Iterasi ke-3 menghasilkan: x1 = -0.373708769582047 da
n x2 = 0.0562585222917004"[] 
 []


Overfull \hbox (67.4002pt too wide) in paragraph at lines 1012--1012
[]\T1/lmtt/m/n/12 ## [1] "Iterasi ke-4 menghasilkan: x1 = -0.373698216978757 da
n x2 = 0.0562664892652393"[] 
 []


Package fancyhdr Warning: \headheight is too small (12.0pt): 
(fancyhdr)                Make it at least 14.49998pt, for example:
(fancyhdr)                \setlength{\headheight}{14.49998pt}.
(fancyhdr)                You might also make \topmargin smaller to compensate:

(fancyhdr)                \addtolength{\topmargin}{-2.49998pt}.

[24]
<20921004-Tugas-SK5001_files/figure-latex/unnamed-chunk-18-1.png, id=400, 505.8
9pt x 289.08pt>
File: 20921004-Tugas-SK5001_files/figure-latex/unnamed-chunk-18-1.png Graphic f
ile (type png)
<use 20921004-Tugas-SK5001_files/figure-latex/unnamed-chunk-18-1.png>
Package pdftex.def Info: 20921004-Tugas-SK5001_files/figure-latex/unnamed-chunk
-18-1.png  used on input line 1039.
(pdftex.def)             Requested size: 505.90417pt x 289.0881pt.

Overfull \hbox (36.14915pt too wide) in paragraph at lines 1039--1040
 [][] 
 []


Overfull \hbox (48.89621pt too wide) in paragraph at lines 1079--1079
[]\T1/lmtt/m/n/12 ## [1] "Iterasi ke-1 menghasilkan: x1 = 0.119440359692262 dan
 x2 = -0.4349531657173"[] 
 []


Overfull \hbox (61.25322pt too wide) in paragraph at lines 1079--1079
[]\T1/lmtt/m/n/12 ## [1] "Iterasi ke-2 menghasilkan: x1 = 0.146357647348952 dan
 x2 = -0.435897060176411"[] 
 []


Overfull \hbox (55.07822pt too wide) in paragraph at lines 1079--1079
[]\T1/lmtt/m/n/12 ## [1] "Iterasi ke-3 menghasilkan: x1 = 0.147834271094862 dan
 x2 = -0.43617672848989"[] 
 []


Overfull \hbox (55.09222pt too wide) in paragraph at lines 1079--1079
[]\T1/lmtt/m/n/12 ## [1] "Iterasi ke-4 menghasilkan: x1 = 0.147839237183089 dan
 x2 = -0.43617762220478"[] 
 []


Package fancyhdr Warning: \headheight is too small (12.0pt): 
(fancyhdr)                Make it at least 14.49998pt, for example:
(fancyhdr)                \setlength{\headheight}{14.49998pt}.
(fancyhdr)                You might also make \topmargin smaller to compensate:

(fancyhdr)                \addtolength{\topmargin}{-2.49998pt}.

[25 <./20921004-Tugas-SK5001_files/figure-latex/unnamed-chunk-18-1.png (PNG cop
y)>]
<20921004-Tugas-SK5001_files/figure-latex/unnamed-chunk-20-1.png, id=408, 505.8
9pt x 289.08pt>
File: 20921004-Tugas-SK5001_files/figure-latex/unnamed-chunk-20-1.png Graphic f
ile (type png)
<use 20921004-Tugas-SK5001_files/figure-latex/unnamed-chunk-20-1.png>
Package pdftex.def Info: 20921004-Tugas-SK5001_files/figure-latex/unnamed-chunk
-20-1.png  used on input line 1104.
(pdftex.def)             Requested size: 505.90417pt x 289.0881pt.

Overfull \hbox (36.14915pt too wide) in paragraph at lines 1104--1105
 [][] 
 []


Package fancyhdr Warning: \headheight is too small (12.0pt): 
(fancyhdr)                Make it at least 14.49998pt, for example:
(fancyhdr)                \setlength{\headheight}{14.49998pt}.
(fancyhdr)                You might also make \topmargin smaller to compensate:

(fancyhdr)                \addtolength{\topmargin}{-2.49998pt}.

[26 <./20921004-Tugas-SK5001_files/figure-latex/unnamed-chunk-20-1.png (PNG cop
y)>]
Overfull \hbox (61.23921pt too wide) in paragraph at lines 1145--1145
[]\T1/lmtt/m/n/12 ## [1] "Iterasi ke-2 menghasilkan: x1 = 0.408173649698787 dan
 x2 = -0.492656244115729"[] 
 []


Overfull \hbox (61.2182pt too wide) in paragraph at lines 1145--1145
[]\T1/lmtt/m/n/12 ## [1] "Iterasi ke-3 menghasilkan: x1 = 0.408095686115349 dan
 x2 = -0.492629399967217"[] 
 []

<20921004-Tugas-SK5001_files/figure-latex/unnamed-chunk-22-1.png, id=413, 505.8
9pt x 289.08pt>
File: 20921004-Tugas-SK5001_files/figure-latex/unnamed-chunk-22-1.png Graphic f
ile (type png)
<use 20921004-Tugas-SK5001_files/figure-latex/unnamed-chunk-22-1.png>
Package pdftex.def Info: 20921004-Tugas-SK5001_files/figure-latex/unnamed-chunk
-22-1.png  used on input line 1170.
(pdftex.def)             Requested size: 505.90417pt x 289.0881pt.

Overfull \hbox (36.14915pt too wide) in paragraph at lines 1170--1171
 [][] 
 []


Package fancyhdr Warning: \headheight is too small (12.0pt): 
(fancyhdr)                Make it at least 14.49998pt, for example:
(fancyhdr)                \setlength{\headheight}{14.49998pt}.
(fancyhdr)                You might also make \topmargin smaller to compensate:

(fancyhdr)                \addtolength{\topmargin}{-2.49998pt}.

[27]
Overfull \hbox (48.90321pt too wide) in paragraph at lines 1216--1216
[]\T1/lmtt/m/n/12 ## [1] "Iterasi ke-1 menghasilkan: x1 = 1.16672581311773 dan 
x2 = 0.496513067921227"[] 
 []


Overfull \hbox (55.06421pt too wide) in paragraph at lines 1216--1216
[]\T1/lmtt/m/n/12 ## [1] "Iterasi ke-2 menghasilkan: x1 = 0.546804449339741 dan
 x2 = 0.966165130417719"[] 
 []


Overfull \hbox (55.07121pt too wide) in paragraph at lines 1216--1216
[]\T1/lmtt/m/n/12 ## [1] "Iterasi ke-3 menghasilkan: x1 = 0.903632144848856 dan
 x2 = 0.611893363670833"[] 
 []


Overfull \hbox (55.08522pt too wide) in paragraph at lines 1216--1216
[]\T1/lmtt/m/n/12 ## [1] "Iterasi ke-4 menghasilkan: x1 = 2.22440765616215 dan 
x2 = -0.132168644738223"[] 
 []


Overfull \hbox (55.08522pt too wide) in paragraph at lines 1216--1216
[]\T1/lmtt/m/n/12 ## [1] "Iterasi ke-5 menghasilkan: x1 = 1.80011311956021 dan 
x2 = -0.194613562740547"[] 
 []


Overfull \hbox (55.07121pt too wide) in paragraph at lines 1216--1216
[]\T1/lmtt/m/n/12 ## [1] "Iterasi ke-6 menghasilkan: x1 = 1.44511827998176 dan 
x2 = -0.236005146150176"[] 
 []


Package fancyhdr Warning: \headheight is too small (12.0pt): 
(fancyhdr)                Make it at least 14.49998pt, for example:
(fancyhdr)                \setlength{\headheight}{14.49998pt}.
(fancyhdr)                You might also make \topmargin smaller to compensate:

(fancyhdr)                \addtolength{\topmargin}{-2.49998pt}.

[28 <./20921004-Tugas-SK5001_files/figure-latex/unnamed-chunk-22-1.png (PNG cop
y)>]
Overfull \hbox (55.07121pt too wide) in paragraph at lines 1216--1216
[]\T1/lmtt/m/n/12 ## [1] "Iterasi ke-7 menghasilkan: x1 = 1.19680665079379 dan 
x2 = -0.248523389123324"[] 
 []


Overfull \hbox (55.07121pt too wide) in paragraph at lines 1216--1216
[]\T1/lmtt/m/n/12 ## [1] "Iterasi ke-8 menghasilkan: x1 = 1.06971570219983 dan 
x2 = -0.272040660183923"[] 
 []


Overfull \hbox (42.73521pt too wide) in paragraph at lines 1216--1216
[]\T1/lmtt/m/n/12 ## [1] "Iterasi ke-9 menghasilkan: x1 = 1.035489144902 dan x2
 = -0.279372621377857"[] 
 []


Overfull \hbox (61.26723pt too wide) in paragraph at lines 1216--1216
[]\T1/lmtt/m/n/12 ## [1] "Iterasi ke-10 menghasilkan: x1 = 1.03308317009573 dan
 x2 = -0.279958834382974"[] 
 []


Overfull \hbox (61.26723pt too wide) in paragraph at lines 1216--1216
[]\T1/lmtt/m/n/12 ## [1] "Iterasi ke-11 menghasilkan: x1 = 1.03307147215505 dan
 x2 = -0.279961835824941"[] 
 []

<20921004-Tugas-SK5001_files/figure-latex/unnamed-chunk-24-1.png, id=426, 505.8
9pt x 289.08pt>
File: 20921004-Tugas-SK5001_files/figure-latex/unnamed-chunk-24-1.png Graphic f
ile (type png)
<use 20921004-Tugas-SK5001_files/figure-latex/unnamed-chunk-24-1.png>
Package pdftex.def Info: 20921004-Tugas-SK5001_files/figure-latex/unnamed-chunk
-24-1.png  used on input line 1241.
(pdftex.def)             Requested size: 375.81166pt x 214.74951pt.

Package fancyhdr Warning: \headheight is too small (12.0pt): 
(fancyhdr)                Make it at least 14.49998pt, for example:
(fancyhdr)                \setlength{\headheight}{14.49998pt}.
(fancyhdr)                You might also make \topmargin smaller to compensate:

(fancyhdr)                \addtolength{\topmargin}{-2.49998pt}.

[29 <./20921004-Tugas-SK5001_files/figure-latex/unnamed-chunk-24-1.png (PNG cop
y)>]
<20921004-Tugas-SK5001_files/figure-latex/unnamed-chunk-25-1.png, id=432, 505.8
9pt x 289.08pt>
File: 20921004-Tugas-SK5001_files/figure-latex/unnamed-chunk-25-1.png Graphic f
ile (type png)
<use 20921004-Tugas-SK5001_files/figure-latex/unnamed-chunk-25-1.png>
Package pdftex.def Info: 20921004-Tugas-SK5001_files/figure-latex/unnamed-chunk
-25-1.png  used on input line 1273.
(pdftex.def)             Requested size: 505.90417pt x 289.0881pt.

Overfull \hbox (36.14915pt too wide) in paragraph at lines 1273--1274
 [][] 
 []


Package fancyhdr Warning: \headheight is too small (12.0pt): 
(fancyhdr)                Make it at least 14.49998pt, for example:
(fancyhdr)                \setlength{\headheight}{14.49998pt}.
(fancyhdr)                You might also make \topmargin smaller to compensate:

(fancyhdr)                \addtolength{\topmargin}{-2.49998pt}.

[30 <./20921004-Tugas-SK5001_files/figure-latex/unnamed-chunk-25-1.png (PNG cop
y)>]

Package fancyhdr Warning: \headheight is too small (12.0pt): 
(fancyhdr)                Make it at least 14.49998pt, for example:
(fancyhdr)                \setlength{\headheight}{14.49998pt}.
(fancyhdr)                You might also make \topmargin smaller to compensate:

(fancyhdr)                \addtolength{\topmargin}{-2.49998pt}.

[31]
<20921004-Tugas-SK5001_files/figure-latex/unnamed-chunk-26-1.png, id=451, 505.8
9pt x 289.08pt>
File: 20921004-Tugas-SK5001_files/figure-latex/unnamed-chunk-26-1.png Graphic f
ile (type png)
<use 20921004-Tugas-SK5001_files/figure-latex/unnamed-chunk-26-1.png>
Package pdftex.def Info: 20921004-Tugas-SK5001_files/figure-latex/unnamed-chunk
-26-1.png  used on input line 1364.
(pdftex.def)             Requested size: 505.90417pt x 289.0881pt.

Overfull \hbox (36.14915pt too wide) in paragraph at lines 1364--1365
 [][] 
 []


Package fancyhdr Warning: \headheight is too small (12.0pt): 
(fancyhdr)                Make it at least 14.49998pt, for example:
(fancyhdr)                \setlength{\headheight}{14.49998pt}.
(fancyhdr)                You might also make \topmargin smaller to compensate:

(fancyhdr)                \addtolength{\topmargin}{-2.49998pt}.

[32]

Package fancyhdr Warning: \headheight is too small (12.0pt): 
(fancyhdr)                Make it at least 14.49998pt, for example:
(fancyhdr)                \setlength{\headheight}{14.49998pt}.
(fancyhdr)                You might also make \topmargin smaller to compensate:

(fancyhdr)                \addtolength{\topmargin}{-2.49998pt}.

[33 <./20921004-Tugas-SK5001_files/figure-latex/unnamed-chunk-26-1.png (PNG cop
y)>]

Package fancyhdr Warning: \headheight is too small (12.0pt): 
(fancyhdr)                Make it at least 14.49998pt, for example:
(fancyhdr)                \setlength{\headheight}{14.49998pt}.
(fancyhdr)                You might also make \topmargin smaller to compensate:

(fancyhdr)                \addtolength{\topmargin}{-2.49998pt}.

[34]

Package fancyhdr Warning: \headheight is too small (12.0pt): 
(fancyhdr)                Make it at least 14.49998pt, for example:
(fancyhdr)                \setlength{\headheight}{14.49998pt}.
(fancyhdr)                You might also make \topmargin smaller to compensate:

(fancyhdr)                \addtolength{\topmargin}{-2.49998pt}.

[35]
Overfull \hbox (18.01419pt too wide) in paragraph at lines 1605--1605
[]\T1/lmtt/m/n/12 ## [1] "Iterasi ke- 3: (0.55870313441244,0.384526425554869,-0
.521039363565993)"[] 
 []


Package fancyhdr Warning: \headheight is too small (12.0pt): 
(fancyhdr)                Make it at least 14.49998pt, for example:
(fancyhdr)                \setlength{\headheight}{14.49998pt}.
(fancyhdr)                You might also make \topmargin smaller to compensate:

(fancyhdr)                \addtolength{\topmargin}{-2.49998pt}.

[36]
Overfull \hbox (24.1962pt too wide) in paragraph at lines 1605--1605
[]\T1/lmtt/m/n/12 ## [1] "Iterasi ke- 4: (0.504105244142248,0.295993234283086,-
0.515011910975756)"[] 
 []


Overfull \hbox (24.2032pt too wide) in paragraph at lines 1605--1605
[]\T1/lmtt/m/n/12 ## [1] "Iterasi ke- 5: (0.503684883990201,0.218476442512751,-
0.517594755777091)"[] 
 []


Overfull \hbox (24.1962pt too wide) in paragraph at lines 1605--1605
[]\T1/lmtt/m/n/12 ## [1] "Iterasi ke- 6: (0.499701145159007,0.121503884227141,-
0.520651709860875)"[] 
 []


Overfull \hbox (30.3572pt too wide) in paragraph at lines 1605--1605
[]\T1/lmtt/m/n/12 ## [1] "Iterasi ke- 7: (0.500066244614932,0.0832760831831942,
-0.521479562313426)"[] 
 []


Overfull \hbox (30.33618pt too wide) in paragraph at lines 1605--1605
[]\T1/lmtt/m/n/12 ## [1] "Iterasi ke- 8: (0.499978491672467,0.0485256205883664,
-0.522398202149168)"[] 
 []


Overfull \hbox (30.34319pt too wide) in paragraph at lines 1605--1605
[]\T1/lmtt/m/n/12 ## [1] "Iterasi ke- 9: (0.499995430456617,0.0318071979563444,
-0.522802574900423)"[] 
 []


Overfull \hbox (17.99318pt too wide) in paragraph at lines 1605--1605
[]\T1/lmtt/m/n/12 ## [1] "Iterasi ke- 10: (0.499997277766899,0.019890100224307,
-0.5231023073911)"[] 
 []


Overfull \hbox (36.51819pt too wide) in paragraph at lines 1605--1605
[]\T1/lmtt/m/n/12 ## [1] "Iterasi ke- 11: (0.499997915455446,0.0130427904879877
,-0.523272971494865)"[] 
 []


Overfull \hbox (42.69319pt too wide) in paragraph at lines 1605--1605
[]\T1/lmtt/m/n/12 ## [1] "Iterasi ke- 12: (0.499998762820181,0.0087349513619597
7,-0.523380567873776)"[] 
 []


Overfull \hbox (42.69319pt too wide) in paragraph at lines 1605--1605
[]\T1/lmtt/m/n/12 ## [1] "Iterasi ke- 13: (0.499999094192144,0.0061247031229516
4,-0.523445786073152)"[] 
 []


Overfull \hbox (36.51819pt too wide) in paragraph at lines 1605--1605
[]\T1/lmtt/m/n/12 ## [1] "Iterasi ke- 14: (0.499999330131454,0.0045908426247508
6,-0.52348409519593)"[] 
 []


Overfull \hbox (42.68619pt too wide) in paragraph at lines 1605--1605
[]\T1/lmtt/m/n/12 ## [1] "Iterasi ke- 15: (0.499999453369484,0.0037399271320992
8,-0.523505352515376)"[] 
 []


Overfull \hbox (36.48317pt too wide) in paragraph at lines 1605--1605
[]\T1/lmtt/m/n/12 ## [1] "Iterasi ke- 16: (0.499999511018899,0.0033458639159668
5,-0.52351519591893)"[] 
 []


Overfull \hbox (42.67218pt too wide) in paragraph at lines 1605--1605
[]\T1/lmtt/m/n/12 ## [1] "Iterasi ke- 17: (0.499999529549029,0.0032194968630839
9,-0.523518352588722)"[] 
 []


Overfull \hbox (42.66518pt too wide) in paragraph at lines 1605--1605
[]\T1/lmtt/m/n/12 ## [1] "Iterasi ke- 18: (0.499999532392799,0.0031999509358744
4,-0.523518840846399)"[] 
 []


Overfull \hbox (44.42595pt too wide) in paragraph at lines 1625--1627
[]\T1/lmr/m/n/12 (-20) Ternyata di-da-p-atkan pada it-erasi ke \T1/lmtt/m/n/12 
18 \T1/lmr/m/n/12 (-20) so-lusinya adalah \T1/lmtt/m/n/12 (0.499999532,0.003199
951,-0.523518841)\T1/lmr/m/n/12 (-20) . 
 []


Package fancyhdr Warning: \headheight is too small (12.0pt): 
(fancyhdr)                Make it at least 14.49998pt, for example:
(fancyhdr)                \setlength{\headheight}{14.49998pt}.
(fancyhdr)                You might also make \topmargin smaller to compensate:

(fancyhdr)                \addtolength{\topmargin}{-2.49998pt}.

[37]
Overfull \hbox (18.04921pt too wide) in paragraph at lines 1656--1656
[]\T1/lmtt/m/n/12 ## [1] "Iterasi ke- 3: (0.500138512071758,0.187921073073109,-
0.51832971418813)"[] 
 []


Overfull \hbox (24.16818pt too wide) in paragraph at lines 1656--1656
[]\T1/lmtt/m/n/12 ## [1] "Iterasi ke- 4: (0.499257499752291,0.129695780875714,-
0.519728416260833)"[] 
 []


Overfull \hbox (24.16118pt too wide) in paragraph at lines 1656--1656
[]\T1/lmtt/m/n/12 ## [1] "Iterasi ke- 5: (0.49996530537344,0.0784032056089546,-
0.521615855994639)"[] 
 []


Overfull \hbox (24.14017pt too wide) in paragraph at lines 1656--1656
[]\T1/lmtt/m/n/12 ## [1] "Iterasi ke- 6: (0.499991899907985,0.0493673906222215,
-0.52237179942345)"[] 
 []


Overfull \hbox (30.33618pt too wide) in paragraph at lines 1656--1656
[]\T1/lmtt/m/n/12 ## [1] "Iterasi ke- 7: (0.499994891019868,0.0310675447369457,
-0.522822980978204)"[] 
 []


Overfull \hbox (30.34319pt too wide) in paragraph at lines 1656--1656
[]\T1/lmtt/m/n/12 ## [1] "Iterasi ke- 8: (0.499997019553619,0.0198536472932781,
-0.523102871213623)"[] 
 []


Overfull \hbox (30.32918pt too wide) in paragraph at lines 1656--1656
[]\T1/lmtt/m/n/12 ## [1] "Iterasi ke- 9: (0.499998090082306,0.0129234399772708,
-0.523275961245467)"[] 
 []


Overfull \hbox (42.68619pt too wide) in paragraph at lines 1656--1656
[]\T1/lmtt/m/n/12 ## [1] "Iterasi ke- 10: (0.499998726604025,0.0086744204805462
6,-0.523382090632463)"[] 
 []


Overfull \hbox (42.67218pt too wide) in paragraph at lines 1656--1656
[]\T1/lmtt/m/n/12 ## [1] "Iterasi ke- 11: (0.499999108365255,0.0060928773067906
5,-0.523446576063504)"[] 
 []


Overfull \hbox (36.48317pt too wide) in paragraph at lines 1656--1656
[]\T1/lmtt/m/n/12 ## [1] "Iterasi ke- 12: (0.49999933209539,0.00456869548387359
,-0.523484649738696)"[] 
 []


Overfull \hbox (36.51118pt too wide) in paragraph at lines 1656--1656
[]\T1/lmtt/m/n/12 ## [1] "Iterasi ke- 13: (0.49999945485577,0.00373016860324986
,-0.523505596036748)"[] 
 []


Overfull \hbox (36.50418pt too wide) in paragraph at lines 1656--1656
[]\T1/lmtt/m/n/12 ## [1] "Iterasi ke- 14: (0.499999511671606,0.0033416978790166
,-0.523515300012303)"[] 
 []


Overfull \hbox (42.68619pt too wide) in paragraph at lines 1656--1656
[]\T1/lmtt/m/n/12 ## [1] "Iterasi ke- 15: (0.499999529664754,0.0032186245308815
9,-0.523518374379973)"[] 
 []


Overfull \hbox (42.65817pt too wide) in paragraph at lines 1656--1656
[]\T1/lmtt/m/n/12 ## [1] "Iterasi ke- 16: (0.499999532402615,0.0031998947499026
6,-0.523518842249339)"[] 
 []


Package fancyhdr Warning: \headheight is too small (12.0pt): 
(fancyhdr)                Make it at least 14.49998pt, for example:
(fancyhdr)                \setlength{\headheight}{14.49998pt}.
(fancyhdr)                You might also make \topmargin smaller to compensate:

(fancyhdr)                \addtolength{\topmargin}{-2.49998pt}.

[38]
Overfull \hbox (30.39922pt too wide) in paragraph at lines 1698--1698
[]\T1/lmtt/m/n/12 ## [1] "Iterasi ke- 3: (0.525172323422725,-0.371284188088303,
-0.536803347604719)"[] 
 []


Overfull \hbox (30.33618pt too wide) in paragraph at lines 1698--1698
[]\T1/lmtt/m/n/12 ## [1] "Iterasi ke- 4: (0.498949853459116,-0.238331922148286,
-0.530269076596453)"[] 
 []


Overfull \hbox (30.3642pt too wide) in paragraph at lines 1698--1698
[]\T1/lmtt/m/n/12 ## [1] "Iterasi ke- 5: (0.499857445094232,-0.156151181920434,
-0.528030658033799)"[] 
 []


Overfull \hbox (36.5532pt too wide) in paragraph at lines 1698--1698
[]\T1/lmtt/m/n/12 ## [1] "Iterasi ke- 6: (0.500109433075832,-0.0928714124634234
,-0.525895701268534)"[] 
 []


Overfull \hbox (36.51819pt too wide) in paragraph at lines 1698--1698
[]\T1/lmtt/m/n/12 ## [1] "Iterasi ke- 7: (0.499946636075515,-0.0573674761377058
,-0.525019866577174)"[] 
 []


Overfull \hbox (36.58823pt too wide) in paragraph at lines 1698--1698
[]\T1/lmtt/m/n/12 ## [1] "Iterasi ke- 8: (0.500004445874358,-0.0351518282002837
,-0.524484552473061)"[] 
 []


Overfull \hbox (24.2032pt too wide) in paragraph at lines 1698--1698
[]\T1/lmtt/m/n/12 ## [1] "Iterasi ke- 9: (0.5000075069485,-0.0208655182932894,-
0.524118040342847)"[] 
 []


Overfull \hbox (42.7212pt too wide) in paragraph at lines 1698--1698
[]\T1/lmtt/m/n/12 ## [1] "Iterasi ke- 10: (0.500000330557309,-0.012360275623226
8,-0.523907137922644)"[] 
 []


Overfull \hbox (48.91722pt too wide) in paragraph at lines 1698--1698
[]\T1/lmtt/m/n/12 ## [1] "Iterasi ke- 11: (0.500001148054446,-0.007134256229878
82,-0.523777252230746)"[] 
 []


Overfull \hbox (48.91722pt too wide) in paragraph at lines 1698--1698
[]\T1/lmtt/m/n/12 ## [1] "Iterasi ke- 12: (0.500000708134359,-0.003860527033012
08,-0.523695154015544)"[] 
 []


Overfull \hbox (48.8752pt too wide) in paragraph at lines 1698--1698
[]\T1/lmtt/m/n/12 ## [1] "Iterasi ke- 13: (0.500000234958534,-0.001939056456162
93,-0.523647204348698)"[] 
 []


Overfull \hbox (55.06421pt too wide) in paragraph at lines 1698--1698
[]\T1/lmtt/m/n/12 ## [1] "Iterasi ke- 14: (0.500000125893857,-0.000838582487974
159,-0.523619731679316)"[] 
 []


Overfull \hbox (48.8892pt too wide) in paragraph at lines 1698--1698
[]\T1/lmtt/m/n/12 ## [1] "Iterasi ke- 15: (0.500000042998354,-0.000269477134702
759,-0.52360550554963)"[] 
 []


Overfull \hbox (61.25322pt too wide) in paragraph at lines 1698--1698
[]\T1/lmtt/m/n/12 ## [1] "Iterasi ke- 16: (0.500000006585768,-0.000052359489354
5703,-0.523600083341387)"[] 
 []


Overfull \hbox (67.42822pt too wide) in paragraph at lines 1698--1698
[]\T1/lmtt/m/n/12 ## [1] "Iterasi ke- 17: (0.500000000634258,-0.000004242346555
51592,-0.523598881682726)"[] 
 []


Package fancyhdr Warning: \headheight is too small (12.0pt): 
(fancyhdr)                Make it at least 14.49998pt, for example:
(fancyhdr)                \setlength{\headheight}{14.49998pt}.
(fancyhdr)                You might also make \topmargin smaller to compensate:

(fancyhdr)                \addtolength{\topmargin}{-2.49998pt}.

[39]
Overfull \hbox (24.1892pt too wide) in paragraph at lines 1745--1745
[]\T1/lmtt/m/n/12 ## [1] "Iterasi ke- 3: (0.500231223602292,-1.08029906948258,-
0.523823935607034)"[] 
 []


Overfull \hbox (17.99318pt too wide) in paragraph at lines 1745--1745
[]\T1/lmtt/m/n/12 ## [1] "Iterasi ke- 4: (0.49958675682186,0.918911559678893,-0
.500284220444249)"[] 
 []


Overfull \hbox (18.01419pt too wide) in paragraph at lines 1745--1745
[]\T1/lmtt/m/n/12 ## [1] "Iterasi ke- 5: (0.509706765482204,5.97137208852088,-0
.368570359399117)"[] 
 []


Overfull \hbox (24.14717pt too wide) in paragraph at lines 1745--1745
[]\T1/lmtt/m/n/12 ## [1] "Iterasi ke- 6: (0.477463957247958,0.797293949659266,-
0.506029803455345)"[] 
 []


Overfull \hbox (24.2102pt too wide) in paragraph at lines 1745--1745
[]\T1/lmtt/m/n/12 ## [1] "Iterasi ke- 7: (0.482309588904067,0.703550495523158,-
0.508307701605321)"[] 
 []


Overfull \hbox (18.0282pt too wide) in paragraph at lines 1745--1745
[]\T1/lmtt/m/n/12 ## [1] "Iterasi ke- 8: (0.49882331548596,0.374830579914373,-0
.514288422831914)"[] 
 []


Overfull \hbox (24.1892pt too wide) in paragraph at lines 1745--1745
[]\T1/lmtt/m/n/12 ## [1] "Iterasi ke- 9: (0.499649238083715,0.247629638250854,-
0.517370053424252)"[] 
 []


Overfull \hbox (30.3572pt too wide) in paragraph at lines 1745--1745
[]\T1/lmtt/m/n/12 ## [1] "Iterasi ke- 10: (0.499909324852429,0.150146441164084,
-0.519856381575055)"[] 
 []


Overfull \hbox (36.5392pt too wide) in paragraph at lines 1745--1745
[]\T1/lmtt/m/n/12 ## [1] "Iterasi ke- 11: (0.499969019540054,0.0943483021226307
,-0.521245222058785)"[] 
 []


Overfull \hbox (24.16818pt too wide) in paragraph at lines 1745--1745
[]\T1/lmtt/m/n/12 ## [1] "Iterasi ke- 12: (0.49998760941274,0.0587462719888686,
-0.52213208836409)"[] 
 []


Overfull \hbox (30.32217pt too wide) in paragraph at lines 1745--1745
[]\T1/lmtt/m/n/12 ## [1] "Iterasi ke- 13: (0.499993694512109,0.0369923470236705
,-0.52267491076115)"[] 
 []


Overfull \hbox (36.49718pt too wide) in paragraph at lines 1745--1745
[]\T1/lmtt/m/n/12 ## [1] "Iterasi ke- 14: (0.499996358998789,0.0234889900693098
,-0.523012070851276)"[] 
 []


Overfull \hbox (30.3642pt too wide) in paragraph at lines 1745--1745
[]\T1/lmtt/m/n/12 ## [1] "Iterasi ke- 15: (0.49999773410785,0.0151710317778526,
-0.523219815519864)"[] 
 []


Overfull \hbox (36.49718pt too wide) in paragraph at lines 1745--1745
[]\T1/lmtt/m/n/12 ## [1] "Iterasi ke- 16: (0.499998519990226,0.0100498991838438
,-0.523347732086681)"[] 
 []


Overfull \hbox (42.67918pt too wide) in paragraph at lines 1745--1745
[]\T1/lmtt/m/n/12 ## [1] "Iterasi ke- 17: (0.499998985589558,0.0069237346173026
3,-0.523425821436866)"[] 
 []


Overfull \hbox (42.67918pt too wide) in paragraph at lines 1745--1745
[]\T1/lmtt/m/n/12 ## [1] "Iterasi ke- 18: (0.499999261207118,0.0050516455969432
9,-0.523472585681624)"[] 
 []


Overfull \hbox (42.66518pt too wide) in paragraph at lines 1745--1745
[]\T1/lmtt/m/n/12 ## [1] "Iterasi ke- 19: (0.499999417498798,0.0039853351264689
1,-0.523499221987533)"[] 
 []


Overfull \hbox (42.65817pt too wide) in paragraph at lines 1745--1745
[]\T1/lmtt/m/n/12 ## [1] "Iterasi ke- 20: (0.499999496038068,0.0034485866458637
2,-0.523512629933626)"[] 
 []


Overfull \hbox (42.67218pt too wide) in paragraph at lines 1745--1745
[]\T1/lmtt/m/n/12 ## [1] "Iterasi ke- 21: (0.499999525750802,0.0032453945669850
9,-0.523517705664997)"[] 
 []


Overfull \hbox (42.69319pt too wide) in paragraph at lines 1745--1745
[]\T1/lmtt/m/n/12 ## [1] "Iterasi ke- 22: (0.499999532040365,0.0032023727109871
9,-0.523518780349916)"[] 
 []


Package fancyhdr Warning: \headheight is too small (12.0pt): 
(fancyhdr)                Make it at least 14.49998pt, for example:
(fancyhdr)                \setlength{\headheight}{14.49998pt}.
(fancyhdr)                You might also make \topmargin smaller to compensate:

(fancyhdr)                \addtolength{\topmargin}{-2.49998pt}.

[40]
Overfull \hbox (30.39221pt too wide) in paragraph at lines 1788--1788
[]\T1/lmtt/m/n/12 ## [1] "Iterasi ke- 3: (0.503542859851317,-0.356808538988173,
-0.530988817500403)"[] 
 []


Overfull \hbox (30.34319pt too wide) in paragraph at lines 1788--1788
[]\T1/lmtt/m/n/12 ## [1] "Iterasi ke- 4: (0.496639550508741,-0.270488046630992,
-0.532172680266234)"[] 
 []


Overfull \hbox (24.2102pt too wide) in paragraph at lines 1788--1788
[]\T1/lmtt/m/n/12 ## [1] "Iterasi ke- 5: (0.499275748133898,-0.162821448754116,
-0.52805251118321)"[] 
 []


Overfull \hbox (36.48317pt too wide) in paragraph at lines 1788--1788
[]\T1/lmtt/m/n/12 ## [1] "Iterasi ke- 6: (0.500091391213763,-0.0999965699643949
,-0.526071885811444)"[] 
 []


Overfull \hbox (36.5532pt too wide) in paragraph at lines 1788--1788
[]\T1/lmtt/m/n/12 ## [1] "Iterasi ke- 7: (0.500048321695095,-0.0600907874758882
,-0.525073282947385)"[] 
 []


Overfull \hbox (30.39221pt too wide) in paragraph at lines 1788--1788
[]\T1/lmtt/m/n/12 ## [1] "Iterasi ke- 8: (0.500008144179464,-0.036742818240559,
-0.524515300788515)"[] 
 []


Overfull \hbox (36.5532pt too wide) in paragraph at lines 1788--1788
[]\T1/lmtt/m/n/12 ## [1] "Iterasi ke- 9: (0.500002111858565,-0.0221753483364851
,-0.524153664239053)"[] 
 []


Overfull \hbox (36.5532pt too wide) in paragraph at lines 1788--1788
[]\T1/lmtt/m/n/12 ## [1] "Iterasi ke- 10: (0.500001747085126,-0.013146165899483
,-0.523927335818555)"[] 
 []


Overfull \hbox (48.8822pt too wide) in paragraph at lines 1788--1788
[]\T1/lmtt/m/n/12 ## [1] "Iterasi ke- 11: (0.500001146449676,-0.007562600552781
21,-0.523787665188065)"[] 
 []


Overfull \hbox (48.8822pt too wide) in paragraph at lines 1788--1788
[]\T1/lmtt/m/n/12 ## [1] "Iterasi ke- 12: (0.500000622430966,-0.004154806319479
94,-0.523702552853562)"[] 
 []


Overfull \hbox (48.91022pt too wide) in paragraph at lines 1788--1788
[]\T1/lmtt/m/n/12 ## [1] "Iterasi ke- 13: (0.500000308548503,-0.002106504411005
14,-0.523651395927789)"[] 
 []


Overfull \hbox (42.7072pt too wide) in paragraph at lines 1788--1788
[]\T1/lmtt/m/n/12 ## [1] "Iterasi ke- 14: (0.50000013489309,-0.0009255526923545
46,-0.52362189627031)"[] 
 []


Overfull \hbox (55.0572pt too wide) in paragraph at lines 1788--1788
[]\T1/lmtt/m/n/12 ## [1] "Iterasi ke- 15: (0.500000045702438,-0.000312970913391
868,-0.523606593652092)"[] 
 []


Overfull \hbox (55.0572pt too wide) in paragraph at lines 1788--1788
[]\T1/lmtt/m/n/12 ## [1] "Iterasi ke- 16: (0.500000009548568,-0.000065265552632
0863,-0.52360040592515)"[] 
 []


Overfull \hbox (67.42822pt too wide) in paragraph at lines 1788--1788
[]\T1/lmtt/m/n/12 ## [1] "Iterasi ke- 17: (0.500000000835757,-0.000005706885630
34466,-0.523598918155043)"[] 
 []


Overfull \hbox (73.58922pt too wide) in paragraph at lines 1788--1788
[]\T1/lmtt/m/n/12 ## [1] "Iterasi ke- 18: (0.500000000016693,-0.000000113759125
230608,-0.523598778439951)"[] 
 []


Package fancyhdr Warning: \headheight is too small (12.0pt): 
(fancyhdr)                Make it at least 14.49998pt, for example:
(fancyhdr)                \setlength{\headheight}{14.49998pt}.
(fancyhdr)                You might also make \topmargin smaller to compensate:

(fancyhdr)                \addtolength{\topmargin}{-2.49998pt}.

[41]

Package fancyhdr Warning: \headheight is too small (12.0pt): 
(fancyhdr)                Make it at least 14.49998pt, for example:
(fancyhdr)                \setlength{\headheight}{14.49998pt}.
(fancyhdr)                You might also make \topmargin smaller to compensate:

(fancyhdr)                \addtolength{\topmargin}{-2.49998pt}.

[42]
<20921004-Tugas-SK5001_files/figure-latex/unnamed-chunk-34-1.png, id=513, 505.8
9pt x 289.08pt>
File: 20921004-Tugas-SK5001_files/figure-latex/unnamed-chunk-34-1.png Graphic f
ile (type png)
<use 20921004-Tugas-SK5001_files/figure-latex/unnamed-chunk-34-1.png>
Package pdftex.def Info: 20921004-Tugas-SK5001_files/figure-latex/unnamed-chunk
-34-1.png  used on input line 1893.
(pdftex.def)             Requested size: 505.90417pt x 289.0881pt.

Overfull \hbox (36.14915pt too wide) in paragraph at lines 1893--1894
 [][] 
 []


Package fancyhdr Warning: \headheight is too small (12.0pt): 
(fancyhdr)                Make it at least 14.49998pt, for example:
(fancyhdr)                \setlength{\headheight}{14.49998pt}.
(fancyhdr)                You might also make \topmargin smaller to compensate:

(fancyhdr)                \addtolength{\topmargin}{-2.49998pt}.

[43]

Package fancyhdr Warning: \headheight is too small (12.0pt): 
(fancyhdr)                Make it at least 14.49998pt, for example:
(fancyhdr)                \setlength{\headheight}{14.49998pt}.
(fancyhdr)                You might also make \topmargin smaller to compensate:

(fancyhdr)                \addtolength{\topmargin}{-2.49998pt}.

[44 <./20921004-Tugas-SK5001_files/figure-latex/unnamed-chunk-34-1.png (PNG cop
y)>]

Package fancyhdr Warning: \headheight is too small (12.0pt): 
(fancyhdr)                Make it at least 14.49998pt, for example:
(fancyhdr)                \setlength{\headheight}{14.49998pt}.
(fancyhdr)                You might also make \topmargin smaller to compensate:

(fancyhdr)                \addtolength{\topmargin}{-2.49998pt}.

[45]

Package fancyhdr Warning: \headheight is too small (12.0pt): 
(fancyhdr)                Make it at least 14.49998pt, for example:
(fancyhdr)                \setlength{\headheight}{14.49998pt}.
(fancyhdr)                You might also make \topmargin smaller to compensate:

(fancyhdr)                \addtolength{\topmargin}{-2.49998pt}.

[46]
Overfull \hbox (11.82518pt too wide) in paragraph at lines 2121--2121
[]\T1/lmtt/m/n/12 ## [1] "Iterasi ke- 3: (5.9616687995722,-0.132143369148719,-2
.82952543042348)"[] 
 []


Overfull \hbox (17.99318pt too wide) in paragraph at lines 2121--2121
[]\T1/lmtt/m/n/12 ## [1] "Iterasi ke- 4: (6.09822761042486,-0.699818412527538,-
2.39840919789732)"[] 
 []


Overfull \hbox (11.83218pt too wide) in paragraph at lines 2121--2121
[]\T1/lmtt/m/n/12 ## [1] "Iterasi ke- 5: (6.21735954518513,-1.72868638622326,-1
.48867315896187)"[] 
 []


Overfull \hbox (17.98618pt too wide) in paragraph at lines 2121--2121
[]\T1/lmtt/m/n/12 ## [1] "Iterasi ke- 6: (6.16495459877093,-0.974063185820892,-
2.19089141295004)"[] 
 []


Overfull \hbox (11.8672pt too wide) in paragraph at lines 2121--2121
[]\T1/lmtt/m/n/12 ## [1] "Iterasi ke- 7: (6.16873759356432,-1.05553010555274,-2
.11320748801158)"[] 
 []


Overfull \hbox (11.83919pt too wide) in paragraph at lines 2121--2121
[]\T1/lmtt/m/n/12 ## [1] "Iterasi ke- 8: (6.17127950361903,-1.08340520712049,-2
.08787429649855)"[] 
 []


Overfull \hbox (11.80417pt too wide) in paragraph at lines 2121--2121
[]\T1/lmtt/m/n/12 ## [1] "Iterasi ke- 9: (6.17106609436509,-1.08216169885684,-2
.08890439550824)"[] 
 []


Overfull \hbox (11.83919pt too wide) in paragraph at lines 2121--2121
[]\T1/lmtt/m/n/12 ## [1] "Iterasi ke- 11: (6.17107466173692,-1.08216193401242,-
2.0889127277245)"[] 
 []


Package fancyhdr Warning: \headheight is too small (12.0pt): 
(fancyhdr)                Make it at least 14.49998pt, for example:
(fancyhdr)                \setlength{\headheight}{14.49998pt}.
(fancyhdr)                You might also make \topmargin smaller to compensate:

(fancyhdr)                \addtolength{\topmargin}{-2.49998pt}.

[47]

Package fancyhdr Warning: \headheight is too small (12.0pt): 
(fancyhdr)                Make it at least 14.49998pt, for example:
(fancyhdr)                \setlength{\headheight}{14.49998pt}.
(fancyhdr)                You might also make \topmargin smaller to compensate:

(fancyhdr)                \addtolength{\topmargin}{-2.49998pt}.

[48]

Package fancyhdr Warning: \headheight is too small (12.0pt): 
(fancyhdr)                Make it at least 14.49998pt, for example:
(fancyhdr)                \setlength{\headheight}{14.49998pt}.
(fancyhdr)                You might also make \topmargin smaller to compensate:

(fancyhdr)                \addtolength{\topmargin}{-2.49998pt}.

[49]

Package fancyhdr Warning: \headheight is too small (12.0pt): 
(fancyhdr)                Make it at least 14.49998pt, for example:
(fancyhdr)                \setlength{\headheight}{14.49998pt}.
(fancyhdr)                You might also make \topmargin smaller to compensate:

(fancyhdr)                \addtolength{\topmargin}{-2.49998pt}.

[50]

Package fancyhdr Warning: \headheight is too small (12.0pt): 
(fancyhdr)                Make it at least 14.49998pt, for example:
(fancyhdr)                \setlength{\headheight}{14.49998pt}.
(fancyhdr)                You might also make \topmargin smaller to compensate:

(fancyhdr)                \addtolength{\topmargin}{-2.49998pt}.

[51]

Package fancyhdr Warning: \headheight is too small (12.0pt): 
(fancyhdr)                Make it at least 14.49998pt, for example:
(fancyhdr)                \setlength{\headheight}{14.49998pt}.
(fancyhdr)                You might also make \topmargin smaller to compensate:

(fancyhdr)                \addtolength{\topmargin}{-2.49998pt}.

[52] (./20921004-Tugas-SK5001.aux)
Package rerunfilecheck Info: File `20921004-Tugas-SK5001.out' has not changed.
(rerunfilecheck)             Checksum: A2EED3E24C0F73BC4F6BDE0A50F5C21B;5396.
 ) 
Here is how much of TeX's memory you used:
 13365 strings out of 480559
 209174 string characters out of 5902712
 540299 words of memory out of 5000000
 30365 multiletter control sequences out of 15000+600000
 492407 words of font info for 170 fonts, out of 8000000 for 9000
 14 hyphenation exceptions out of 8191
 60i,12n,66p,838b,489s stack positions out of 5000i,500n,10000p,200000b,80000s
{/home/ikanx_server/.TinyTeX/texmf-dist/fonts/enc/dvips/lm/lm-mathit.enc}{/ho
me/ikanx_server/.TinyTeX/texmf-dist/fonts/enc/dvips/lm/lm-ts1.enc}{/home/ikanx_
server/.TinyTeX/texmf-dist/fonts/enc/dvips/lm/lm-rm.enc}{/home/ikanx_server/.Ti
nyTeX/texmf-dist/fonts/enc/dvips/lm/lm-mathex.enc}{/home/ikanx_server/.TinyTeX/
texmf-dist/fonts/enc/dvips/lm/lm-ec.enc}{/home/ikanx_server/.TinyTeX/texmf-dist
/fonts/enc/dvips/lm/lm-mathsy.enc}</home/ikanx_server/.TinyTeX/texmf-dist/fonts
/type1/public/lm/lmbx12.pfb></home/ikanx_server/.TinyTeX/texmf-dist/fonts/type1
/public/lm/lmbxi10.pfb></home/ikanx_server/.TinyTeX/texmf-dist/fonts/type1/publ
ic/lm/lmex10.pfb></home/ikanx_server/.TinyTeX/texmf-dist/fonts/type1/public/lm/
lmmi12.pfb></home/ikanx_server/.TinyTeX/texmf-dist/fonts/type1/public/lm/lmmi6.
pfb></home/ikanx_server/.TinyTeX/texmf-dist/fonts/type1/public/lm/lmmi8.pfb></h
ome/ikanx_server/.TinyTeX/texmf-dist/fonts/type1/public/lm/lmr10.pfb></home/ika
nx_server/.TinyTeX/texmf-dist/fonts/type1/public/lm/lmr12.pfb></home/ikanx_serv
er/.TinyTeX/texmf-dist/fonts/type1/public/lm/lmr17.pfb></home/ikanx_server/.Tin
yTeX/texmf-dist/fonts/type1/public/lm/lmr6.pfb></home/ikanx_server/.TinyTeX/tex
mf-dist/fonts/type1/public/lm/lmr7.pfb></home/ikanx_server/.TinyTeX/texmf-dist/
fonts/type1/public/lm/lmr8.pfb></home/ikanx_server/.TinyTeX/texmf-dist/fonts/ty
pe1/public/lm/lmri12.pfb></home/ikanx_server/.TinyTeX/texmf-dist/fonts/type1/pu
blic/lm/lmro12.pfb></home/ikanx_server/.TinyTeX/texmf-dist/fonts/type1/public/l
m/lmsy10.pfb></home/ikanx_server/.TinyTeX/texmf-dist/fonts/type1/public/lm/lmsy
8.pfb></home/ikanx_server/.TinyTeX/texmf-dist/fonts/type1/public/lm/lmtk10.pfb>
</home/ikanx_server/.TinyTeX/texmf-dist/fonts/type1/public/lm/lmtt12.pfb></home
/ikanx_server/.TinyTeX/texmf-dist/fonts/type1/public/lm/lmtti10.pfb>
Output written on 20921004-Tugas-SK5001.pdf (52 pages, 5789203 bytes).
PDF statistics:
 720 PDF objects out of 1000 (max. 8388607)
 600 compressed objects within 6 object streams
 204 named destinations out of 1000 (max. 500000)
 47473 words of extra memory for PDF output out of 51595 (max. 10000000)

